sample.interval=10000
"runif" "matrix" "as.data.frame" 
"runif" "matrix" "as.data.frame" 
"runif" "matrix" "as.data.frame" 
"runif" "matrix" "as.data.frame" 
"runif" "matrix" "as.data.frame" 
"runif" "matrix" "as.data.frame" 
"runif" "matrix" "as.data.frame" 
"runif" "matrix" "as.data.frame" 
"runif" "matrix" "as.data.frame" 
"runif" "matrix" "as.data.frame" 
"runif" "matrix" "as.data.frame" 
"runif" "matrix" "as.data.frame" 
"runif" "matrix" "as.data.frame" 
"runif" "matrix" "as.data.frame" 
"runif" "matrix" "as.data.frame" 
"runif" "matrix" "as.data.frame" 
"runif" "matrix" "as.data.frame" 
"runif" "matrix" "as.data.frame" 
"runif" "matrix" "as.data.frame" 
"runif" "matrix" "as.data.frame" 
"runif" "matrix" "as.data.frame" 
"runif" "matrix" "as.data.frame" 
"runif" "matrix" "as.data.frame" 
"runif" "matrix" "as.data.frame" 
"runif" "matrix" "as.data.frame" 
"runif" "matrix" "as.data.frame" 
"runif" "matrix" "as.data.frame" 
"runif" "matrix" "as.data.frame" 
"runif" "matrix" "as.data.frame" 
"matrix" "as.data.frame" 
"matrix" "as.data.frame" 
"matrix" "as.data.frame" 
"matrix" "as.data.frame" 
"matrix" "as.data.frame" 
"matrix" "as.data.frame" 
"matrix" "as.data.frame" 
"matrix" "as.data.frame" 
"matrix" "as.data.frame" 
"matrix" "as.data.frame" 
"matrix" "as.data.frame" 
"matrix" "as.data.frame" 
"matrix" "as.data.frame" 
"matrix" "as.data.frame" 
"matrix" "as.data.frame" 
"matrix" "as.data.frame" 
"matrix" "as.data.frame" 
"matrix" "as.data.frame" 
"matrix" "as.data.frame" 
"matrix" "as.data.frame" 
"matrix" "as.data.frame" 
"matrix" "as.data.frame" 
"matrix" "as.data.frame" 
"matrix" "as.data.frame" 
"as.data.frame.matrix" "as.data.frame" 
"as.vector" "as.data.frame.matrix" "as.data.frame" 
"as.vector" "as.data.frame.matrix" "as.data.frame" 
"as.vector" "as.data.frame.matrix" "as.data.frame" 
"as.vector" "as.data.frame.matrix" "as.data.frame" 
"as.vector" "as.data.frame.matrix" "as.data.frame" 
"as.vector" "as.data.frame.matrix" "as.data.frame" 
"as.vector" "as.data.frame.matrix" "as.data.frame" 
"as.vector" "as.data.frame.matrix" "as.data.frame" 
"as.vector" "as.data.frame.matrix" "as.data.frame" 
"as.vector" "as.data.frame.matrix" "as.data.frame" 
"as.vector" "as.data.frame.matrix" "as.data.frame" 
"as.vector" "as.data.frame.matrix" "as.data.frame" 
"as.vector" "as.data.frame.matrix" "as.data.frame" 
"as.vector" "as.data.frame.matrix" "as.data.frame" 
"as.vector" "as.data.frame.matrix" "as.data.frame" 
"as.vector" "as.data.frame.matrix" "as.data.frame" 
"as.vector" "as.data.frame.matrix" "as.data.frame" 
"as.vector" "as.data.frame.matrix" "as.data.frame" 
"as.vector" "as.data.frame.matrix" "as.data.frame" 
"as.vector" "as.data.frame.matrix" "as.data.frame" 
"as.vector" "as.data.frame.matrix" "as.data.frame" 
"as.vector" "as.data.frame.matrix" "as.data.frame" 
"as.vector" "as.data.frame.matrix" "as.data.frame" 
"as.vector" "as.data.frame.matrix" "as.data.frame" 
"as.vector" "as.data.frame.matrix" "as.data.frame" 
"as.vector" "as.data.frame.matrix" "as.data.frame" 
"as.data.frame.matrix" "as.data.frame" 
"lazyLoadDBfetch" "<Anonymous>" "eval" "eval" "lm" "summary" 
".External" "terms.formula" "terms" "model.frame.default" "<Anonymous>" "eval" "eval" "lm" "summary" 
".External" "terms.formula" "terms" "model.frame.default" "<Anonymous>" "eval" "eval" "lm" "summary" 
".External" "terms.formula" "terms" "model.frame.default" "<Anonymous>" "eval" "eval" "lm" "summary" 
".External" "terms.formula" "terms" "model.frame.default" "<Anonymous>" "eval" "eval" "lm" "summary" 
".External" "terms.formula" "terms" "model.frame.default" "<Anonymous>" "eval" "eval" "lm" "summary" 
".External" "terms.formula" "terms" "model.frame.default" "<Anonymous>" "eval" "eval" "lm" "summary" 
".External" "terms.formula" "terms" "model.frame.default" "<Anonymous>" "eval" "eval" "lm" "summary" 
".External" "terms.formula" "terms" "model.frame.default" "<Anonymous>" "eval" "eval" "lm" "summary" 
"mode" "match" "%in%" "deparse" "paste" "FUN" "lapply" "sapply" "model.frame.default" "<Anonymous>" "eval" "eval" "lm" "summary" 
"pmatch" ".deparseOpts" "deparse" "paste" "FUN" "lapply" "sapply" "model.frame.default" "<Anonymous>" "eval" "eval" "lm" "summary" 
".deparseOpts" "deparse" "paste" "FUN" "lapply" "sapply" "model.frame.default" "<Anonymous>" "eval" "eval" "lm" "summary" 
"match" "%in%" "deparse" "paste" "FUN" "lapply" "sapply" "model.frame.default" "<Anonymous>" "eval" "eval" "lm" "summary" 
"eval" "eval" "model.frame.default" "<Anonymous>" "eval" "eval" "lm" "summary" 
"makepredictcall" "model.frame.default" "<Anonymous>" "eval" "eval" "lm" "summary" 
"makepredictcall" "model.frame.default" "<Anonymous>" "eval" "eval" "lm" "summary" 
"makepredictcall.default" "makepredictcall" "model.frame.default" "<Anonymous>" "eval" "eval" "lm" "summary" 
"makepredictcall.default" "makepredictcall" "model.frame.default" "<Anonymous>" "eval" "eval" "lm" "summary" 
"makepredictcall.default" "makepredictcall" "model.frame.default" "<Anonymous>" "eval" "eval" "lm" "summary" 
"makepredictcall.default" "makepredictcall" "model.frame.default" "<Anonymous>" "eval" "eval" "lm" "summary" 
"makepredictcall.default" "makepredictcall" "model.frame.default" "<Anonymous>" "eval" "eval" "lm" "summary" 
"makepredictcall.default" "makepredictcall" "model.frame.default" "<Anonymous>" "eval" "eval" "lm" "summary" 
"makepredictcall.default" "makepredictcall" "model.frame.default" "<Anonymous>" "eval" "eval" "lm" "summary" 
"makepredictcall.default" "makepredictcall" "model.frame.default" "<Anonymous>" "eval" "eval" "lm" "summary" 
"makepredictcall.default" "makepredictcall" "model.frame.default" "<Anonymous>" "eval" "eval" "lm" "summary" 
"makepredictcall" "model.frame.default" "<Anonymous>" "eval" "eval" "lm" "summary" 
"makepredictcall.default" "makepredictcall" "model.frame.default" "<Anonymous>" "eval" "eval" "lm" "summary" 
"makepredictcall.default" "makepredictcall" "model.frame.default" "<Anonymous>" "eval" "eval" "lm" "summary" 
"na.omit" ".External2" "model.frame.default" "<Anonymous>" "eval" "eval" "lm" "summary" 
"na.omit" ".External2" "model.frame.default" "<Anonymous>" "eval" "eval" "lm" "summary" 
"na.omit" ".External2" "model.frame.default" "<Anonymous>" "eval" "eval" "lm" "summary" 
"na.omit" ".External2" "model.frame.default" "<Anonymous>" "eval" "eval" "lm" "summary" 
"na.omit" ".External2" "model.frame.default" "<Anonymous>" "eval" "eval" "lm" "summary" 
"na.omit" ".External2" "model.frame.default" "<Anonymous>" "eval" "eval" "lm" "summary" 
"na.omit" ".External2" "model.frame.default" "<Anonymous>" "eval" "eval" "lm" "summary" 
"na.omit.data.frame" "na.omit" ".External2" "model.frame.default" "<Anonymous>" "eval" "eval" "lm" "summary" 
"na.omit.data.frame" "na.omit" ".External2" "model.frame.default" "<Anonymous>" "eval" "eval" "lm" "summary" 
"na.omit.data.frame" "na.omit" ".External2" "model.frame.default" "<Anonymous>" "eval" "eval" "lm" "summary" 
"na.omit.data.frame" "na.omit" ".External2" "model.frame.default" "<Anonymous>" "eval" "eval" "lm" "summary" 
"na.omit.data.frame" "na.omit" ".External2" "model.frame.default" "<Anonymous>" "eval" "eval" "lm" "summary" 
"na.omit.data.frame" "na.omit" ".External2" "model.frame.default" "<Anonymous>" "eval" "eval" "lm" "summary" 
"na.omit.data.frame" "na.omit" ".External2" "model.frame.default" "<Anonymous>" "eval" "eval" "lm" "summary" 
"na.omit.data.frame" "na.omit" ".External2" "model.frame.default" "<Anonymous>" "eval" "eval" "lm" "summary" 
"na.omit.data.frame" "na.omit" ".External2" "model.frame.default" "<Anonymous>" "eval" "eval" "lm" "summary" 
"is.na" "na.omit.data.frame" "na.omit" ".External2" "model.frame.default" "<Anonymous>" "eval" "eval" "lm" "summary" 
"is.na" "na.omit.data.frame" "na.omit" ".External2" "model.frame.default" "<Anonymous>" "eval" "eval" "lm" "summary" 
"na.omit.data.frame" "na.omit" ".External2" "model.frame.default" "<Anonymous>" "eval" "eval" "lm" "summary" 
"na.omit.data.frame" "na.omit" ".External2" "model.frame.default" "<Anonymous>" "eval" "eval" "lm" "summary" 
"na.omit.data.frame" "na.omit" ".External2" "model.frame.default" "<Anonymous>" "eval" "eval" "lm" "summary" 
"na.omit.data.frame" "na.omit" ".External2" "model.frame.default" "<Anonymous>" "eval" "eval" "lm" "summary" 
"na.omit.data.frame" "na.omit" ".External2" "model.frame.default" "<Anonymous>" "eval" "eval" "lm" "summary" 
"na.omit.data.frame" "na.omit" ".External2" "model.frame.default" "<Anonymous>" "eval" "eval" "lm" "summary" 
"na.omit.data.frame" "na.omit" ".External2" "model.frame.default" "<Anonymous>" "eval" "eval" "lm" "summary" 
"na.omit.data.frame" "na.omit" ".External2" "model.frame.default" "<Anonymous>" "eval" "eval" "lm" "summary" 
"na.omit.data.frame" "na.omit" ".External2" "model.frame.default" "<Anonymous>" "eval" "eval" "lm" "summary" 
"na.omit.data.frame" "na.omit" ".External2" "model.frame.default" "<Anonymous>" "eval" "eval" "lm" "summary" 
"length" "[.data.frame" "[" "na.omit.data.frame" "na.omit" ".External2" "model.frame.default" "<Anonymous>" "eval" "eval" "lm" "summary" 
"[.data.frame" "[" "na.omit.data.frame" "na.omit" ".External2" "model.frame.default" "<Anonymous>" "eval" "eval" "lm" "summary" 
"[.data.frame" "[" "na.omit.data.frame" "na.omit" ".External2" "model.frame.default" "<Anonymous>" "eval" "eval" "lm" "summary" 
"[.data.frame" "[" "na.omit.data.frame" "na.omit" ".External2" "model.frame.default" "<Anonymous>" "eval" "eval" "lm" "summary" 
"[.data.frame" "[" "na.omit.data.frame" "na.omit" ".External2" "model.frame.default" "<Anonymous>" "eval" "eval" "lm" "summary" 
"[.data.frame" "[" "na.omit.data.frame" "na.omit" ".External2" "model.frame.default" "<Anonymous>" "eval" "eval" "lm" "summary" 
"[.data.frame" "[" "na.omit.data.frame" "na.omit" ".External2" "model.frame.default" "<Anonymous>" "eval" "eval" "lm" "summary" 
"[.data.frame" "[" "na.omit.data.frame" "na.omit" ".External2" "model.frame.default" "<Anonymous>" "eval" "eval" "lm" "summary" 
"[.data.frame" "[" "na.omit.data.frame" "na.omit" ".External2" "model.frame.default" "<Anonymous>" "eval" "eval" "lm" "summary" 
"[.data.frame" "[" "na.omit.data.frame" "na.omit" ".External2" "model.frame.default" "<Anonymous>" "eval" "eval" "lm" "summary" 
"[.data.frame" "[" "na.omit.data.frame" "na.omit" ".External2" "model.frame.default" "<Anonymous>" "eval" "eval" "lm" "summary" 
"[.data.frame" "[" "na.omit.data.frame" "na.omit" ".External2" "model.frame.default" "<Anonymous>" "eval" "eval" "lm" "summary" 
"[.data.frame" "[" "na.omit.data.frame" "na.omit" ".External2" "model.frame.default" "<Anonymous>" "eval" "eval" "lm" "summary" 
"[.data.frame" "[" "na.omit.data.frame" "na.omit" ".External2" "model.frame.default" "<Anonymous>" "eval" "eval" "lm" "summary" 
"[.data.frame" "[" "na.omit.data.frame" "na.omit" ".External2" "model.frame.default" "<Anonymous>" "eval" "eval" "lm" "summary" 
"match" "%in%" "[[.data.frame" "[[" "[.data.frame" "[" "na.omit.data.frame" "na.omit" ".External2" "model.frame.default" "<Anonymous>" "eval" "eval" "lm" "summary" 
"[.data.frame" "[" "na.omit.data.frame" "na.omit" ".External2" "model.frame.default" "<Anonymous>" "eval" "eval" "lm" "summary" 
"[.data.frame" "[" "na.omit.data.frame" "na.omit" ".External2" "model.frame.default" "<Anonymous>" "eval" "eval" "lm" "summary" 
"[.data.frame" "[" "na.omit.data.frame" "na.omit" ".External2" "model.frame.default" "<Anonymous>" "eval" "eval" "lm" "summary" 
"[.data.frame" "[" "na.omit.data.frame" "na.omit" ".External2" "model.frame.default" "<Anonymous>" "eval" "eval" "lm" "summary" 
"[.data.frame" "[" "na.omit.data.frame" "na.omit" ".External2" "model.frame.default" "<Anonymous>" "eval" "eval" "lm" "summary" 
"[.data.frame" "[" "na.omit.data.frame" "na.omit" ".External2" "model.frame.default" "<Anonymous>" "eval" "eval" "lm" "summary" 
"[.data.frame" "[" "na.omit.data.frame" "na.omit" ".External2" "model.frame.default" "<Anonymous>" "eval" "eval" "lm" "summary" 
"[.data.frame" "[" "na.omit.data.frame" "na.omit" ".External2" "model.frame.default" "<Anonymous>" "eval" "eval" "lm" "summary" 
"[.data.frame" "[" "na.omit.data.frame" "na.omit" ".External2" "model.frame.default" "<Anonymous>" "eval" "eval" "lm" "summary" 
".subset2" "<Anonymous>" "[[.data.frame" "[[" "model.frame.default" "<Anonymous>" "eval" "eval" "lm" "summary" 
"[[.data.frame" "[[" "model.frame.default" "<Anonymous>" "eval" "eval" "lm" "summary" 
"[[.data.frame" "[[" "model.frame.default" "<Anonymous>" "eval" "eval" "lm" "summary" 
"vapply" "model.frame.default" "<Anonymous>" "eval" "eval" "lm" "summary" 
"match" "%in%" "deparse" "paste" "FUN" "lapply" "sapply" "match" "model.matrix.default" "model.matrix" "lm" "summary" 
"deparse" "paste" "FUN" "lapply" "sapply" "match" "model.matrix.default" "model.matrix" "lm" "summary" 
"%in%" "deparse" "paste" "FUN" "lapply" "sapply" "match" "model.matrix.default" "model.matrix" "lm" "summary" 
"lapply" "sapply" "match" "model.matrix.default" "model.matrix" "lm" "summary" 
"FUN" "lapply" "sapply" "match" "model.matrix.default" "model.matrix" "lm" "summary" 
"match" "%in%" "[[.data.frame" "[[" "model.matrix.default" "model.matrix" "lm" "summary" 
"<Anonymous>" "[[.data.frame" "[[" "model.matrix.default" "model.matrix" "lm" "summary" 
"%in%" "[[.data.frame" "[[" "model.matrix.default" "model.matrix" "lm" "summary" 
"match" "%in%" "[[.data.frame" "[[" "model.matrix.default" "model.matrix" "lm" "summary" 
"vapply" "model.matrix.default" "model.matrix" "lm" "summary" 
".External2" "model.matrix.default" "model.matrix" "lm" "summary" 
".External2" "model.matrix.default" "model.matrix" "lm" "summary" 
".External2" "model.matrix.default" "model.matrix" "lm" "summary" 
".External2" "model.matrix.default" "model.matrix" "lm" "summary" 
".External2" "model.matrix.default" "model.matrix" "lm" "summary" 
".External2" "model.matrix.default" "model.matrix" "lm" "summary" 
".External2" "model.matrix.default" "model.matrix" "lm" "summary" 
".External2" "model.matrix.default" "model.matrix" "lm" "summary" 
".External2" "model.matrix.default" "model.matrix" "lm" "summary" 
".External2" "model.matrix.default" "model.matrix" "lm" "summary" 
"lm.fit" "lm" "summary" 
"lm.fit" "lm" "summary" 
"lm.fit" "lm" "summary" 
"lm.fit" "lm" "summary" 
"lm.fit" "lm" "summary" 
"lm.fit" "lm" "summary" 
"lm.fit" "lm" "summary" 
"lm.fit" "lm" "summary" 
"lm.fit" "lm" "summary" 
"lm.fit" "lm" "summary" 
"lm.fit" "lm" "summary" 
"lm.fit" "lm" "summary" 
"lm.fit" "lm" "summary" 
"lm.fit" "lm" "summary" 
"lm.fit" "lm" "summary" 
"lm.fit" "lm" "summary" 
"lm.fit" "lm" "summary" 
"lm.fit" "lm" "summary" 
"lm.fit" "lm" "summary" 
"lm.fit" "lm" "summary" 
"lm.fit" "lm" "summary" 
"lm.fit" "lm" "summary" 
"lm.fit" "lm" "summary" 
"lm.fit" "lm" "summary" 
"lm.fit" "lm" "summary" 
"lm.fit" "lm" "summary" 
"lm.fit" "lm" "summary" 
"lm.fit" "lm" "summary" 
"lm.fit" "lm" "summary" 
"lm.fit" "lm" "summary" 
"lm.fit" "lm" "summary" 
"lm.fit" "lm" "summary" 
"lm.fit" "lm" "summary" 
"lm.fit" "lm" "summary" 
"lm.fit" "lm" "summary" 
"lm.fit" "lm" "summary" 
"lm.fit" "lm" "summary" 
"lm.fit" "lm" "summary" 
"lm.fit" "lm" "summary" 
"lm.fit" "lm" "summary" 
"lm.fit" "lm" "summary" 
"lm.fit" "lm" "summary" 
"lm.fit" "lm" "summary" 
"lm.fit" "lm" "summary" 
"lm.fit" "lm" "summary" 
"lm.fit" "lm" "summary" 
"lm.fit" "lm" "summary" 
"lm.fit" "lm" "summary" 
"lm.fit" "lm" "summary" 
"lm.fit" "lm" "summary" 
"lm.fit" "lm" "summary" 
"lm.fit" "lm" "summary" 
"lm.fit" "lm" "summary" 
"lm.fit" "lm" "summary" 
"lm.fit" "lm" "summary" 
"lm.fit" "lm" "summary" 
"lm.fit" "lm" "summary" 
"lm.fit" "lm" "summary" 
"lm.fit" "lm" "summary" 
"lm.fit" "lm" "summary" 
"lm.fit" "lm" "summary" 
"lm.fit" "lm" "summary" 
"lm.fit" "lm" "summary" 
"lm.fit" "lm" "summary" 
"lm.fit" "lm" "summary" 
"lm.fit" "lm" "summary" 
"lm.fit" "lm" "summary" 
"lm.fit" "lm" "summary" 
"lm.fit" "lm" "summary" 
"lm.fit" "lm" "summary" 
"lm.fit" "lm" "summary" 
"lm.fit" "lm" "summary" 
"lm.fit" "lm" "summary" 
"lm.fit" "lm" "summary" 
"lm.fit" "lm" "summary" 
"lm.fit" "lm" "summary" 
"lm.fit" "lm" "summary" 
"lm.fit" "lm" "summary" 
"lm.fit" "lm" "summary" 
"lm.fit" "lm" "summary" 
"lm.fit" "lm" "summary" 
"lm.fit" "lm" "summary" 
"lm.fit" "lm" "summary" 
"lm.fit" "lm" "summary" 
"lm.fit" "lm" "summary" 
"lm.fit" "lm" "summary" 
"lm.fit" "lm" "summary" 
"lm.fit" "lm" "summary" 
"lm.fit" "lm" "summary" 
"lm.fit" "lm" "summary" 
"lm.fit" "lm" "summary" 
"lm.fit" "lm" "summary" 
"lm.fit" "lm" "summary" 
"lm.fit" "lm" "summary" 
"lm.fit" "lm" "summary" 
"lm.fit" "lm" "summary" 
"lm.fit" "lm" "summary" 
"lm.fit" "lm" "summary" 
"lm.fit" "lm" "summary" 
"lm.fit" "lm" "summary" 
"lm.fit" "lm" "summary" 
"lm.fit" "lm" "summary" 
"lm.fit" "lm" "summary" 
"lm.fit" "lm" "summary" 
"lm.fit" "lm" "summary" 
"lm.fit" "lm" "summary" 
"lm.fit" "lm" "summary" 
"lm.fit" "lm" "summary" 
"lm.fit" "lm" "summary" 
"lm.fit" "lm" "summary" 
"lm.fit" "lm" "summary" 
"lm.fit" "lm" "summary" 
"lm.fit" "lm" "summary" 
"lm.fit" "lm" "summary" 
"lm.fit" "lm" "summary" 
"lm.fit" "lm" "summary" 
"lm.fit" "lm" "summary" 
"lm.fit" "lm" "summary" 
"lm.fit" "lm" "summary" 
"lm.fit" "lm" "summary" 
"lm.fit" "lm" "summary" 
"lm.fit" "lm" "summary" 
"lm.fit" "lm" "summary" 
"lm.fit" "lm" "summary" 
"lm.fit" "lm" "summary" 
"lm.fit" "lm" "summary" 
"lm.fit" "lm" "summary" 
"lm.fit" "lm" "summary" 
"lm.fit" "lm" "summary" 
"lm.fit" "lm" "summary" 
"lm.fit" "lm" "summary" 
"lm.fit" "lm" "summary" 
"lm.fit" "lm" "summary" 
"lm.fit" "lm" "summary" 
"lm.fit" "lm" "summary" 
"lm.fit" "lm" "summary" 
"lm.fit" "lm" "summary" 
"lm.fit" "lm" "summary" 
"lm.fit" "lm" "summary" 
"lm.fit" "lm" "summary" 
"lm.fit" "lm" "summary" 
"lm.fit" "lm" "summary" 
"lm.fit" "lm" "summary" 
"lm.fit" "lm" "summary" 
"lm.fit" "lm" "summary" 
"lm.fit" "lm" "summary" 
"lm.fit" "lm" "summary" 
"lm.fit" "lm" "summary" 
"lm.fit" "lm" "summary" 
"lm.fit" "lm" "summary" 
"lm.fit" "lm" "summary" 
"lm.fit" "lm" "summary" 
"lm.fit" "lm" "summary" 
"lm.fit" "lm" "summary" 
"lm.fit" "lm" "summary" 
"lm.fit" "lm" "summary" 
"lm.fit" "lm" "summary" 
"lm.fit" "lm" "summary" 
"lm.fit" "lm" "summary" 
"lm.fit" "lm" "summary" 
"lm.fit" "lm" "summary" 
"lm.fit" "lm" "summary" 
"lm.fit" "lm" "summary" 
"lm.fit" "lm" "summary" 
"lm.fit" "lm" "summary" 
"lm.fit" "lm" "summary" 
"lm.fit" "lm" "summary" 
"lm.fit" "lm" "summary" 
"lm.fit" "lm" "summary" 
"lm.fit" "lm" "summary" 
"lm.fit" "lm" "summary" 
"lm.fit" "lm" "summary" 
"lm.fit" "lm" "summary" 
"lm.fit" "lm" "summary" 
"lm.fit" "lm" "summary" 
"lm.fit" "lm" "summary" 
"lm.fit" "lm" "summary" 
"lm.fit" "lm" "summary" 
"lm.fit" "lm" "summary" 
"lm.fit" "lm" "summary" 
"lm.fit" "lm" "summary" 
"lm.fit" "lm" "summary" 
"lm.fit" "lm" "summary" 
"lm.fit" "lm" "summary" 
"lm.fit" "lm" "summary" 
"lm.fit" "lm" "summary" 
"lm.fit" "lm" "summary" 
"lm.fit" "lm" "summary" 
"lm.fit" "lm" "summary" 
"lm.fit" "lm" "summary" 
"lm.fit" "lm" "summary" 
"lm.fit" "lm" "summary" 
"lm.fit" "lm" "summary" 
"lm.fit" "lm" "summary" 
"lm.fit" "lm" "summary" 
"lm.fit" "lm" "summary" 
"lm.fit" "lm" "summary" 
"lm.fit" "lm" "summary" 
"lm.fit" "lm" "summary" 
"lm.fit" "lm" "summary" 
"lm.fit" "lm" "summary" 
"lm.fit" "lm" "summary" 
"lm.fit" "lm" "summary" 
"lm.fit" "lm" "summary" 
"lm.fit" "lm" "summary" 
"lm.fit" "lm" "summary" 
"lm.fit" "lm" "summary" 
"lm.fit" "lm" "summary" 
"lm.fit" "lm" "summary" 
"lm.fit" "lm" "summary" 
"lm.fit" "lm" "summary" 
"lm.fit" "lm" "summary" 
"lm.fit" "lm" "summary" 
"lm.fit" "lm" "summary" 
"lm.fit" "lm" "summary" 
"lm.fit" "lm" "summary" 
"lm.fit" "lm" "summary" 
"lm.fit" "lm" "summary" 
"lm.fit" "lm" "summary" 
"lm.fit" "lm" "summary" 
"lm.fit" "lm" "summary" 
"lm.fit" "lm" "summary" 
"lm.fit" "lm" "summary" 
"lm.fit" "lm" "summary" 
"lm.fit" "lm" "summary" 
"lm.fit" "lm" "summary" 
"lm.fit" "lm" "summary" 
"lm.fit" "lm" "summary" 
"lm.fit" "lm" "summary" 
"lm.fit" "lm" "summary" 
"lm.fit" "lm" "summary" 
"lm.fit" "lm" "summary" 
"lm.fit" "lm" "summary" 
"lm.fit" "lm" "summary" 
"lm.fit" "lm" "summary" 
"lm.fit" "lm" "summary" 
"lm.fit" "lm" "summary" 
"lm.fit" "lm" "summary" 
"lm.fit" "lm" "summary" 
"lm.fit" "lm" "summary" 
"lm.fit" "lm" "summary" 
"lm.fit" "lm" "summary" 
"lm.fit" "lm" "summary" 
"lm.fit" "lm" "summary" 
"lm.fit" "lm" "summary" 
"lm.fit" "lm" "summary" 
"lm.fit" "lm" "summary" 
"lm.fit" "lm" "summary" 
"lm.fit" "lm" "summary" 
"lm.fit" "lm" "summary" 
"lm.fit" "lm" "summary" 
"lm.fit" "lm" "summary" 
"lm.fit" "lm" "summary" 
"lm.fit" "lm" "summary" 
"lm.fit" "lm" "summary" 
"lm.fit" "lm" "summary" 
"lm.fit" "lm" "summary" 
"lm.fit" "lm" "summary" 
"lm.fit" "lm" "summary" 
"lm.fit" "lm" "summary" 
"lm.fit" "lm" "summary" 
"lm.fit" "lm" "summary" 
"lm.fit" "lm" "summary" 
"lm.fit" "lm" "summary" 
"lm.fit" "lm" "summary" 
"lm.fit" "lm" "summary" 
"lm.fit" "lm" "summary" 
"lm.fit" "lm" "summary" 
"lm.fit" "lm" "summary" 
"lm.fit" "lm" "summary" 
"lm.fit" "lm" "summary" 
"lm.fit" "lm" "summary" 
"lm.fit" "lm" "summary" 
"lm.fit" "lm" "summary" 
"lm.fit" "lm" "summary" 
"lm.fit" "lm" "summary" 
"lm.fit" "lm" "summary" 
"lm.fit" "lm" "summary" 
"lm.fit" "lm" "summary" 
"lm.fit" "lm" "summary" 
"lm.fit" "lm" "summary" 
"lm.fit" "lm" "summary" 
"lm.fit" "lm" "summary" 
"lm.fit" "lm" "summary" 
"lm.fit" "lm" "summary" 
"lm.fit" "lm" "summary" 
"lm.fit" "lm" "summary" 
"lm.fit" "lm" "summary" 
"lm.fit" "lm" "summary" 
"lm.fit" "lm" "summary" 
"lm.fit" "lm" "summary" 
"lm.fit" "lm" "summary" 
"lm.fit" "lm" "summary" 
"lm.fit" "lm" "summary" 
"lm.fit" "lm" "summary" 
"lm.fit" "lm" "summary" 
"lm.fit" "lm" "summary" 
"lm.fit" "lm" "summary" 
"lm.fit" "lm" "summary" 
"lm.fit" "lm" "summary" 
"lm.fit" "lm" "summary" 
"lm.fit" "lm" "summary" 
"lm.fit" "lm" "summary" 
"lm.fit" "lm" "summary" 
"lm.fit" "lm" "summary" 
"lm.fit" "lm" "summary" 
"lm.fit" "lm" "summary" 
"lm.fit" "lm" "summary" 
"lm.fit" "lm" "summary" 
"lm.fit" "lm" "summary" 
"lm.fit" "lm" "summary" 
"lm.fit" "lm" "summary" 
"lm.fit" "lm" "summary" 
"lm.fit" "lm" "summary" 
"lm.fit" "lm" "summary" 
"lm.fit" "lm" "summary" 
"lm.fit" "lm" "summary" 
"lm.fit" "lm" "summary" 
"lm.fit" "lm" "summary" 
"lm.fit" "lm" "summary" 
"lm.fit" "lm" "summary" 
"lm.fit" "lm" "summary" 
"lm.fit" "lm" "summary" 
"lm.fit" "lm" "summary" 
"lm.fit" "lm" "summary" 
"lm.fit" "lm" "summary" 
"lm.fit" "lm" "summary" 
"lm.fit" "lm" "summary" 
"lm.fit" "lm" "summary" 
"lm.fit" "lm" "summary" 
"lm.fit" "lm" "summary" 
"lm.fit" "lm" "summary" 
"lm.fit" "lm" "summary" 
"lm.fit" "lm" "summary" 
"lm.fit" "lm" "summary" 
"lm.fit" "lm" "summary" 
"lm.fit" "lm" "summary" 
"lm.fit" "lm" "summary" 
"lm.fit" "lm" "summary" 
"lm.fit" "lm" "summary" 
"lm.fit" "lm" "summary" 
"lm.fit" "lm" "summary" 
"lm.fit" "lm" "summary" 
"lm.fit" "lm" "summary" 
"lm.fit" "lm" "summary" 
"lm.fit" "lm" "summary" 
"lm.fit" "lm" "summary" 
"lm.fit" "lm" "summary" 
"lm.fit" "lm" "summary" 
"lm.fit" "lm" "summary" 
"lm.fit" "lm" "summary" 
"lm.fit" "lm" "summary" 
"lm.fit" "lm" "summary" 
"lm.fit" "lm" "summary" 
"lm.fit" "lm" "summary" 
"lm.fit" "lm" "summary" 
"lm.fit" "lm" "summary" 
"lm.fit" "lm" "summary" 
"lm.fit" "lm" "summary" 
"lm.fit" "lm" "summary" 
"lm.fit" "lm" "summary" 
"lm.fit" "lm" "summary" 
"lm.fit" "lm" "summary" 
"lm.fit" "lm" "summary" 
"lm.fit" "lm" "summary" 
"lm.fit" "lm" "summary" 
"lm.fit" "lm" "summary" 
"lm.fit" "lm" "summary" 
"lm.fit" "lm" "summary" 
"lm.fit" "lm" "summary" 
"lm.fit" "lm" "summary" 
"lm.fit" "lm" "summary" 
"lm.fit" "lm" "summary" 
"lm.fit" "lm" "summary" 
"lm.fit" "lm" "summary" 
"lm.fit" "lm" "summary" 
"lm.fit" "lm" "summary" 
"lm.fit" "lm" "summary" 
"lm.fit" "lm" "summary" 
"lm.fit" "lm" "summary" 
"lm.fit" "lm" "summary" 
"lm.fit" "lm" "summary" 
"lm.fit" "lm" "summary" 
"lm.fit" "lm" "summary" 
"lm.fit" "lm" "summary" 
"lm.fit" "lm" "summary" 
"lm.fit" "lm" "summary" 
"lm.fit" "lm" "summary" 
"lm.fit" "lm" "summary" 
"lm.fit" "lm" "summary" 
"lm.fit" "lm" "summary" 
"lm.fit" "lm" "summary" 
"lm.fit" "lm" "summary" 
"lm.fit" "lm" "summary" 
"lm.fit" "lm" "summary" 
"lm.fit" "lm" "summary" 
"lm.fit" "lm" "summary" 
"lm.fit" "lm" "summary" 
"lm.fit" "lm" "summary" 
"lm.fit" "lm" "summary" 
"lm.fit" "lm" "summary" 
"lm.fit" "lm" "summary" 
"lm.fit" "lm" "summary" 
"lm.fit" "lm" "summary" 
"lm.fit" "lm" "summary" 
"lm.fit" "lm" "summary" 
"lm.fit" "lm" "summary" 
"lm.fit" "lm" "summary" 
"lm.fit" "lm" "summary" 
"lm.fit" "lm" "summary" 
"lm.fit" "lm" "summary" 
"lm.fit" "lm" "summary" 
"lm.fit" "lm" "summary" 
"lm.fit" "lm" "summary" 
"lm.fit" "lm" "summary" 
"lm.fit" "lm" "summary" 
"lm.fit" "lm" "summary" 
"lm.fit" "lm" "summary" 
"lm.fit" "lm" "summary" 
"lm.fit" "lm" "summary" 
"lm.fit" "lm" "summary" 
"lm.fit" "lm" "summary" 
"lm.fit" "lm" "summary" 
"lm.fit" "lm" "summary" 
"lm.fit" "lm" "summary" 
"lm.fit" "lm" "summary" 
"lm.fit" "lm" "summary" 
"lm.fit" "lm" "summary" 
"lm.fit" "lm" "summary" 
"lm.fit" "lm" "summary" 
"lm.fit" "lm" "summary" 
"lm.fit" "lm" "summary" 
"lm.fit" "lm" "summary" 
"lm.fit" "lm" "summary" 
"lm.fit" "lm" "summary" 
"lm.fit" "lm" "summary" 
"lm.fit" "lm" "summary" 
"lm.fit" "lm" "summary" 
"lm.fit" "lm" "summary" 
"lm.fit" "lm" "summary" 
"lm.fit" "lm" "summary" 
"lm.fit" "lm" "summary" 
"lm.fit" "lm" "summary" 
"lm.fit" "lm" "summary" 
"lm.fit" "lm" "summary" 
"lm.fit" "lm" "summary" 
"lm.fit" "lm" "summary" 
"lm.fit" "lm" "summary" 
"lm.fit" "lm" "summary" 
"lm.fit" "lm" "summary" 
"lm.fit" "lm" "summary" 
"lm.fit" "lm" "summary" 
"lm.fit" "lm" "summary" 
"lm.fit" "lm" "summary" 
"lm.fit" "lm" "summary" 
"lm.fit" "lm" "summary" 
"lm.fit" "lm" "summary" 
"lm.fit" "lm" "summary" 
"lm.fit" "lm" "summary" 
"lm.fit" "lm" "summary" 
"lm.fit" "lm" "summary" 
"lm.fit" "lm" "summary" 
"lm.fit" "lm" "summary" 
"lm.fit" "lm" "summary" 
"lm.fit" "lm" "summary" 
"lm.fit" "lm" "summary" 
"lm.fit" "lm" "summary" 
"lm.fit" "lm" "summary" 
"lm.fit" "lm" "summary" 
"lm.fit" "lm" "summary" 
"lm.fit" "lm" "summary" 
"lm.fit" "lm" "summary" 
"lm.fit" "lm" "summary" 
"lm.fit" "lm" "summary" 
"lm.fit" "lm" "summary" 
"lm.fit" "lm" "summary" 
"lm.fit" "lm" "summary" 
"lm.fit" "lm" "summary" 
"lm.fit" "lm" "summary" 
"lm.fit" "lm" "summary" 
"lm.fit" "lm" "summary" 
"lm.fit" "lm" "summary" 
"lm.fit" "lm" "summary" 
"lm.fit" "lm" "summary" 
"lm.fit" "lm" "summary" 
"lm.fit" "lm" "summary" 
"lm.fit" "lm" "summary" 
"lm.fit" "lm" "summary" 
"lm.fit" "lm" "summary" 
"lm.fit" "lm" "summary" 
"lm.fit" "lm" "summary" 
"lm.fit" "lm" "summary" 
"lm.fit" "lm" "summary" 
"lm.fit" "lm" "summary" 
"lm.fit" "lm" "summary" 
"lm.fit" "lm" "summary" 
"lm.fit" "lm" "summary" 
"lm.fit" "lm" "summary" 
"lm.fit" "lm" "summary" 
"lm.fit" "lm" "summary" 
"lm.fit" "lm" "summary" 
"lm.fit" "lm" "summary" 
"lm.fit" "lm" "summary" 
"lm.fit" "lm" "summary" 
"lm.fit" "lm" "summary" 
"lm.fit" "lm" "summary" 
"lm.fit" "lm" "summary" 
"lm.fit" "lm" "summary" 
"lm.fit" "lm" "summary" 
"lm.fit" "lm" "summary" 
"lm.fit" "lm" "summary" 
"lm.fit" "lm" "summary" 
"lm.fit" "lm" "summary" 
"lm.fit" "lm" "summary" 
"lm.fit" "lm" "summary" 
"lm.fit" "lm" "summary" 
"lm.fit" "lm" "summary" 
"lm.fit" "lm" "summary" 
"lm.fit" "lm" "summary" 
"lm.fit" "lm" "summary" 
"lm.fit" "lm" "summary" 
"lm.fit" "lm" "summary" 
"lm.fit" "lm" "summary" 
"lm.fit" "lm" "summary" 
"lm.fit" "lm" "summary" 
"lm.fit" "lm" "summary" 
"lm.fit" "lm" "summary" 
"lm.fit" "lm" "summary" 
"lm.fit" "lm" "summary" 
"lm.fit" "lm" "summary" 
"lm.fit" "lm" "summary" 
"lm.fit" "lm" "summary" 
"lm.fit" "lm" "summary" 
"lm.fit" "lm" "summary" 
"lm.fit" "lm" "summary" 
"lm.fit" "lm" "summary" 
"lm.fit" "lm" "summary" 
"lm.fit" "lm" "summary" 
"lm.fit" "lm" "summary" 
"lm.fit" "lm" "summary" 
"lm.fit" "lm" "summary" 
"lm.fit" "lm" "summary" 
"lm.fit" "lm" "summary" 
"lm.fit" "lm" "summary" 
"lm.fit" "lm" "summary" 
"lm.fit" "lm" "summary" 
"lm.fit" "lm" "summary" 
"lm.fit" "lm" "summary" 
"lm.fit" "lm" "summary" 
"lm.fit" "lm" "summary" 
"lm.fit" "lm" "summary" 
"lm.fit" "lm" "summary" 
"lm.fit" "lm" "summary" 
"lm.fit" "lm" "summary" 
"lm.fit" "lm" "summary" 
"lm.fit" "lm" "summary" 
"lm.fit" "lm" "summary" 
"lm.fit" "lm" "summary" 
"lm.fit" "lm" "summary" 
"lm.fit" "lm" "summary" 
"lm.fit" "lm" "summary" 
"lm.fit" "lm" "summary" 
"lm.fit" "lm" "summary" 
"lm.fit" "lm" "summary" 
"lm.fit" "lm" "summary" 
"lm.fit" "lm" "summary" 
"lm.fit" "lm" "summary" 
"lm.fit" "lm" "summary" 
"lm.fit" "lm" "summary" 
"lm.fit" "lm" "summary" 
"lm.fit" "lm" "summary" 
"lm.fit" "lm" "summary" 
"lm.fit" "lm" "summary" 
"lm.fit" "lm" "summary" 
"lm.fit" "lm" "summary" 
"lm.fit" "lm" "summary" 
"lm.fit" "lm" "summary" 
"lm.fit" "lm" "summary" 
"lm.fit" "lm" "summary" 
"lm.fit" "lm" "summary" 
"lm.fit" "lm" "summary" 
"lm.fit" "lm" "summary" 
"lm.fit" "lm" "summary" 
"lm.fit" "lm" "summary" 
"lm.fit" "lm" "summary" 
"lm.fit" "lm" "summary" 
"lm.fit" "lm" "summary" 
"lm.fit" "lm" "summary" 
"lm.fit" "lm" "summary" 
"lm.fit" "lm" "summary" 
"lm.fit" "lm" "summary" 
"lm.fit" "lm" "summary" 
"lm.fit" "lm" "summary" 
"lm.fit" "lm" "summary" 
"lm.fit" "lm" "summary" 
"lm.fit" "lm" "summary" 
"lm.fit" "lm" "summary" 
"lm.fit" "lm" "summary" 
"lm.fit" "lm" "summary" 
"lm.fit" "lm" "summary" 
"lm.fit" "lm" "summary" 
"lm.fit" "lm" "summary" 
"lm.fit" "lm" "summary" 
"lm.fit" "lm" "summary" 
"lm.fit" "lm" "summary" 
"lm.fit" "lm" "summary" 
"lm.fit" "lm" "summary" 
"lm.fit" "lm" "summary" 
"lm.fit" "lm" "summary" 
"lm.fit" "lm" "summary" 
"lm.fit" "lm" "summary" 
"lm.fit" "lm" "summary" 
"lm.fit" "lm" "summary" 
"lm.fit" "lm" "summary" 
"lm.fit" "lm" "summary" 
"lm.fit" "lm" "summary" 
"lm.fit" "lm" "summary" 
"lm.fit" "lm" "summary" 
"lm.fit" "lm" "summary" 
"lm.fit" "lm" "summary" 
"lm.fit" "lm" "summary" 
"lm.fit" "lm" "summary" 
"lm.fit" "lm" "summary" 
"lm.fit" "lm" "summary" 
"lm.fit" "lm" "summary" 
"lm.fit" "lm" "summary" 
"lm.fit" "lm" "summary" 
"lm.fit" "lm" "summary" 
"lm.fit" "lm" "summary" 
"lm.fit" "lm" "summary" 
"lm.fit" "lm" "summary" 
"lm.fit" "lm" "summary" 
"lm.fit" "lm" "summary" 
"lm.fit" "lm" "summary" 
"lm.fit" "lm" "summary" 
"lm.fit" "lm" "summary" 
"lm.fit" "lm" "summary" 
"lm.fit" "lm" "summary" 
"lm.fit" "lm" "summary" 
"lm.fit" "lm" "summary" 
"lm.fit" "lm" "summary" 
"lm.fit" "lm" "summary" 
"lm.fit" "lm" "summary" 
"lm.fit" "lm" "summary" 
"lm.fit" "lm" "summary" 
"lm.fit" "lm" "summary" 
"lm.fit" "lm" "summary" 
"lm.fit" "lm" "summary" 
"lm.fit" "lm" "summary" 
"lm.fit" "lm" "summary" 
"lm.fit" "lm" "summary" 
"lm.fit" "lm" "summary" 
"lm.fit" "lm" "summary" 
"lm.fit" "lm" "summary" 
"lm.fit" "lm" "summary" 
"lm.fit" "lm" "summary" 
"lm.fit" "lm" "summary" 
"lm.fit" "lm" "summary" 
"lm.fit" "lm" "summary" 
"lm.fit" "lm" "summary" 
"lm.fit" "lm" "summary" 
"lm.fit" "lm" "summary" 
"lm.fit" "lm" "summary" 
"lm.fit" "lm" "summary" 
"lm.fit" "lm" "summary" 
"lm.fit" "lm" "summary" 
"lm.fit" "lm" "summary" 
"lm.fit" "lm" "summary" 
"lm.fit" "lm" "summary" 
"lm.fit" "lm" "summary" 
"lm.fit" "lm" "summary" 
"lm.fit" "lm" "summary" 
"lm.fit" "lm" "summary" 
"lm.fit" "lm" "summary" 
"lm.fit" "lm" "summary" 
"lm.fit" "lm" "summary" 
"lm.fit" "lm" "summary" 
"lm.fit" "lm" "summary" 
"lm.fit" "lm" "summary" 
"lm.fit" "lm" "summary" 
"lm.fit" "lm" "summary" 
"lm.fit" "lm" "summary" 
"lm.fit" "lm" "summary" 
"lm.fit" "lm" "summary" 
"lm.fit" "lm" "summary" 
"lm.fit" "lm" "summary" 
"lm.fit" "lm" "summary" 
"lm.fit" "lm" "summary" 
"lm.fit" "lm" "summary" 
"lm.fit" "lm" "summary" 
"lm.fit" "lm" "summary" 
"lm.fit" "lm" "summary" 
"lm.fit" "lm" "summary" 
"lm.fit" "lm" "summary" 
"lm.fit" "lm" "summary" 
"lm.fit" "lm" "summary" 
"lm.fit" "lm" "summary" 
"lm.fit" "lm" "summary" 
"lm.fit" "lm" "summary" 
"lm.fit" "lm" "summary" 
"lm.fit" "lm" "summary" 
"lm.fit" "lm" "summary" 
"lm.fit" "lm" "summary" 
"lm.fit" "lm" "summary" 
"lm.fit" "lm" "summary" 
"lm.fit" "lm" "summary" 
"lm.fit" "lm" "summary" 
"lm.fit" "lm" "summary" 
"lm.fit" "lm" "summary" 
"lm.fit" "lm" "summary" 
"lm.fit" "lm" "summary" 
"lm.fit" "lm" "summary" 
"lm.fit" "lm" "summary" 
"lm.fit" "lm" "summary" 
"lm.fit" "lm" "summary" 
"lm.fit" "lm" "summary" 
"lm.fit" "lm" "summary" 
"lm.fit" "lm" "summary" 
"lm.fit" "lm" "summary" 
"lm.fit" "lm" "summary" 
"lm.fit" "lm" "summary" 
"lm.fit" "lm" "summary" 
"lm.fit" "lm" "summary" 
"lm.fit" "lm" "summary" 
"lm.fit" "lm" "summary" 
"lm.fit" "lm" "summary" 
"lm.fit" "lm" "summary" 
"lm.fit" "lm" "summary" 
"lm.fit" "lm" "summary" 
"lm.fit" "lm" "summary" 
"lm.fit" "lm" "summary" 
"lm.fit" "lm" "summary" 
"lm.fit" "lm" "summary" 
"lm.fit" "lm" "summary" 
"lm.fit" "lm" "summary" 
"lm.fit" "lm" "summary" 
"lm.fit" "lm" "summary" 
"lm.fit" "lm" "summary" 
"lm.fit" "lm" "summary" 
"lm.fit" "lm" "summary" 
"lm.fit" "lm" "summary" 
"lm.fit" "lm" "summary" 
"lm.fit" "lm" "summary" 
"lm.fit" "lm" "summary" 
"lm.fit" "lm" "summary" 
"lm.fit" "lm" "summary" 
"lm.fit" "lm" "summary" 
"lm.fit" "lm" "summary" 
"lm.fit" "lm" "summary" 
"lm.fit" "lm" "summary" 
"lm.fit" "lm" "summary" 
"lm.fit" "lm" "summary" 
"lm.fit" "lm" "summary" 
"lm.fit" "lm" "summary" 
"lm.fit" "lm" "summary" 
"lm.fit" "lm" "summary" 
"lm.fit" "lm" "summary" 
"lm.fit" "lm" "summary" 
"lm.fit" "lm" "summary" 
"lm.fit" "lm" "summary" 
"lm.fit" "lm" "summary" 
"lm.fit" "lm" "summary" 
"lm.fit" "lm" "summary" 
"lm.fit" "lm" "summary" 
"lm.fit" "lm" "summary" 
"lm.fit" "lm" "summary" 
"lm.fit" "lm" "summary" 
"lm.fit" "lm" "summary" 
"lm.fit" "lm" "summary" 
"lm.fit" "lm" "summary" 
"lm.fit" "lm" "summary" 
"lm.fit" "lm" "summary" 
"lm.fit" "lm" "summary" 
"lm.fit" "lm" "summary" 
"lm.fit" "lm" "summary" 
"lm.fit" "lm" "summary" 
"lm.fit" "lm" "summary" 
"lm.fit" "lm" "summary" 
"lm.fit" "lm" "summary" 
"lm.fit" "lm" "summary" 
"lm.fit" "lm" "summary" 
"lm.fit" "lm" "summary" 
"lm.fit" "lm" "summary" 
"lm.fit" "lm" "summary" 
"lm.fit" "lm" "summary" 
"lm.fit" "lm" "summary" 
"lm.fit" "lm" "summary" 
"lm.fit" "lm" "summary" 
"lm.fit" "lm" "summary" 
"lm.fit" "lm" "summary" 
"lm.fit" "lm" "summary" 
"lm.fit" "lm" "summary" 
"lm.fit" "lm" "summary" 
"lm.fit" "lm" "summary" 
"lm.fit" "lm" "summary" 
"lm.fit" "lm" "summary" 
"lm.fit" "lm" "summary" 
"lm.fit" "lm" "summary" 
"lm.fit" "lm" "summary" 
"lm.fit" "lm" "summary" 
"lm.fit" "lm" "summary" 
"lm.fit" "lm" "summary" 
"lm.fit" "lm" "summary" 
"lm.fit" "lm" "summary" 
"lm.fit" "lm" "summary" 
"lm.fit" "lm" "summary" 
"lm.fit" "lm" "summary" 
"lm.fit" "lm" "summary" 
"lm.fit" "lm" "summary" 
"lm.fit" "lm" "summary" 
"lm.fit" "lm" "summary" 
"lm.fit" "lm" "summary" 
"lm.fit" "lm" "summary" 
"lm.fit" "lm" "summary" 
"lm.fit" "lm" "summary" 
"lm.fit" "lm" "summary" 
"lm.fit" "lm" "summary" 
"lm.fit" "lm" "summary" 
"lm.fit" "lm" "summary" 
"lm.fit" "lm" "summary" 
"lm.fit" "lm" "summary" 
"lm.fit" "lm" "summary" 
"lm.fit" "lm" "summary" 
"lm.fit" "lm" "summary" 
"lm.fit" "lm" "summary" 
"lm.fit" "lm" "summary" 
"lm.fit" "lm" "summary" 
"lm.fit" "lm" "summary" 
"lm.fit" "lm" "summary" 
"lm.fit" "lm" "summary" 
"lm.fit" "lm" "summary" 
"lm.fit" "lm" "summary" 
"lm.fit" "lm" "summary" 
"lm.fit" "lm" "summary" 
"lm.fit" "lm" "summary" 
"lm.fit" "lm" "summary" 
"lm.fit" "lm" "summary" 
"lm.fit" "lm" "summary" 
"lm.fit" "lm" "summary" 
"lm.fit" "lm" "summary" 
"lm.fit" "lm" "summary" 
"lm.fit" "lm" "summary" 
"lm.fit" "lm" "summary" 
"lm.fit" "lm" "summary" 
"lm.fit" "lm" "summary" 
"lm.fit" "lm" "summary" 
"lm.fit" "lm" "summary" 
"lm.fit" "lm" "summary" 
"lm.fit" "lm" "summary" 
"lm.fit" "lm" "summary" 
"lm.fit" "lm" "summary" 
"lm.fit" "lm" "summary" 
"lm.fit" "lm" "summary" 
"lm.fit" "lm" "summary" 
"lm.fit" "lm" "summary" 
"lm.fit" "lm" "summary" 
"lm.fit" "lm" "summary" 
"lm.fit" "lm" "summary" 
"lm.fit" "lm" "summary" 
"lm.fit" "lm" "summary" 
"lm.fit" "lm" "summary" 
"lm.fit" "lm" "summary" 
"lm.fit" "lm" "summary" 
"lm.fit" "lm" "summary" 
"lm.fit" "lm" "summary" 
"lm.fit" "lm" "summary" 
"lm.fit" "lm" "summary" 
"lm.fit" "lm" "summary" 
"lm.fit" "lm" "summary" 
"lm.fit" "lm" "summary" 
"lm.fit" "lm" "summary" 
"lm.fit" "lm" "summary" 
"lm.fit" "lm" "summary" 
"lm.fit" "lm" "summary" 
"lm.fit" "lm" "summary" 
"lm.fit" "lm" "summary" 
"lm.fit" "lm" "summary" 
"lm.fit" "lm" "summary" 
"lm.fit" "lm" "summary" 
"lm.fit" "lm" "summary" 
"lm.fit" "lm" "summary" 
"lm.fit" "lm" "summary" 
"lm.fit" "lm" "summary" 
"lm.fit" "lm" "summary" 
"lm.fit" "lm" "summary" 
"lm.fit" "lm" "summary" 
"lm.fit" "lm" "summary" 
"lm.fit" "lm" "summary" 
"lm.fit" "lm" "summary" 
"lm.fit" "lm" "summary" 
"lm.fit" "lm" "summary" 
"lm.fit" "lm" "summary" 
"lm.fit" "lm" "summary" 
"lm.fit" "lm" "summary" 
"lm.fit" "lm" "summary" 
"lm.fit" "lm" "summary" 
"lm.fit" "lm" "summary" 
"lm.fit" "lm" "summary" 
"lm.fit" "lm" "summary" 
"lm.fit" "lm" "summary" 
"lm.fit" "lm" "summary" 
"lm.fit" "lm" "summary" 
"lm.fit" "lm" "summary" 
"lm.fit" "lm" "summary" 
"lm.fit" "lm" "summary" 
"lm.fit" "lm" "summary" 
"lm.fit" "lm" "summary" 
"lm.fit" "lm" "summary" 
"lm.fit" "lm" "summary" 
"lm.fit" "lm" "summary" 
"lm.fit" "lm" "summary" 
"lm.fit" "lm" "summary" 
"lm.fit" "lm" "summary" 
"lm.fit" "lm" "summary" 
"lm.fit" "lm" "summary" 
"lm.fit" "lm" "summary" 
"lm.fit" "lm" "summary" 
"lm.fit" "lm" "summary" 
"lm.fit" "lm" "summary" 
"lm.fit" "lm" "summary" 
"lm.fit" "lm" "summary" 
"lm.fit" "lm" "summary" 
"lm.fit" "lm" "summary" 
"lm.fit" "lm" "summary" 
"lm.fit" "lm" "summary" 
"lm.fit" "lm" "summary" 
"lm.fit" "lm" "summary" 
"lm.fit" "lm" "summary" 
"lm.fit" "lm" "summary" 
"lm.fit" "lm" "summary" 
"lm.fit" "lm" "summary" 
"lm.fit" "lm" "summary" 
"lm.fit" "lm" "summary" 
"lm.fit" "lm" "summary" 
"lm.fit" "lm" "summary" 
"lm.fit" "lm" "summary" 
"lm.fit" "lm" "summary" 
"lm.fit" "lm" "summary" 
"lm.fit" "lm" "summary" 
"lm.fit" "lm" "summary" 
"lm.fit" "lm" "summary" 
"lm.fit" "lm" "summary" 
"lm.fit" "lm" "summary" 
"lm.fit" "lm" "summary" 
"lm.fit" "lm" "summary" 
"lm.fit" "lm" "summary" 
"lm.fit" "lm" "summary" 
"lm.fit" "lm" "summary" 
"lm.fit" "lm" "summary" 
"lm.fit" "lm" "summary" 
"lm.fit" "lm" "summary" 
"lm.fit" "lm" "summary" 
"lm.fit" "lm" "summary" 
"lm.fit" "lm" "summary" 
"lm.fit" "lm" "summary" 
"lm.fit" "lm" "summary" 
"lm.fit" "lm" "summary" 
"lm.fit" "lm" "summary" 
"lm.fit" "lm" "summary" 
"lm.fit" "lm" "summary" 
"lm.fit" "lm" "summary" 
"lm.fit" "lm" "summary" 
"lm.fit" "lm" "summary" 
"lm.fit" "lm" "summary" 
"lm.fit" "lm" "summary" 
"lm.fit" "lm" "summary" 
"lm.fit" "lm" "summary" 
"lm.fit" "lm" "summary" 
"lm.fit" "lm" "summary" 
"lm.fit" "lm" "summary" 
"lm.fit" "lm" "summary" 
"lm.fit" "lm" "summary" 
"lm.fit" "lm" "summary" 
"lm.fit" "lm" "summary" 
"lm.fit" "lm" "summary" 
"lm.fit" "lm" "summary" 
"lm.fit" "lm" "summary" 
"lm.fit" "lm" "summary" 
"lm.fit" "lm" "summary" 
"lm.fit" "lm" "summary" 
"lm.fit" "lm" "summary" 
"lm.fit" "lm" "summary" 
"lm.fit" "lm" "summary" 
"lm.fit" "lm" "summary" 
"lm.fit" "lm" "summary" 
"lm.fit" "lm" "summary" 
"lm.fit" "lm" "summary" 
"lm.fit" "lm" "summary" 
"lm.fit" "lm" "summary" 
"lm.fit" "lm" "summary" 
"lm.fit" "lm" "summary" 
"lm.fit" "lm" "summary" 
"lm.fit" "lm" "summary" 
"lm.fit" "lm" "summary" 
"lm.fit" "lm" "summary" 
"lm.fit" "lm" "summary" 
"lm.fit" "lm" "summary" 
"lm.fit" "lm" "summary" 
"lm.fit" "lm" "summary" 
"lm.fit" "lm" "summary" 
"lm.fit" "lm" "summary" 
"lm.fit" "lm" "summary" 
"lm.fit" "lm" "summary" 
"lm.fit" "lm" "summary" 
"lm.fit" "lm" "summary" 
"lm.fit" "lm" "summary" 
"lm.fit" "lm" "summary" 
"lm.fit" "lm" "summary" 
"lm.fit" "lm" "summary" 
"lm.fit" "lm" "summary" 
"lm.fit" "lm" "summary" 
"lm.fit" "lm" "summary" 
"lm.fit" "lm" "summary" 
"lm.fit" "lm" "summary" 
"lm.fit" "lm" "summary" 
"lm.fit" "lm" "summary" 
"lm.fit" "lm" "summary" 
"lm.fit" "lm" "summary" 
"lm.fit" "lm" "summary" 
"lm.fit" "lm" "summary" 
"lm.fit" "lm" "summary" 
"lm.fit" "lm" "summary" 
"lm.fit" "lm" "summary" 
"lm.fit" "lm" "summary" 
"lm.fit" "lm" "summary" 
"lm.fit" "lm" "summary" 
"lm.fit" "lm" "summary" 
"lm.fit" "lm" "summary" 
"lm.fit" "lm" "summary" 
"lm.fit" "lm" "summary" 
"lm.fit" "lm" "summary" 
"lm.fit" "lm" "summary" 
"lm.fit" "lm" "summary" 
"lm.fit" "lm" "summary" 
"lm.fit" "lm" "summary" 
"lm.fit" "lm" "summary" 
"lm.fit" "lm" "summary" 
"lm.fit" "lm" "summary" 
"lm.fit" "lm" "summary" 
"lm.fit" "lm" "summary" 
"lm.fit" "lm" "summary" 
"lm.fit" "lm" "summary" 
"lm.fit" "lm" "summary" 
"lm.fit" "lm" "summary" 
"lm.fit" "lm" "summary" 
"lm.fit" "lm" "summary" 
"lm.fit" "lm" "summary" 
"lm.fit" "lm" "summary" 
"lm.fit" "lm" "summary" 
"lm.fit" "lm" "summary" 
"lm.fit" "lm" "summary" 
"lm.fit" "lm" "summary" 
"lm.fit" "lm" "summary" 
"lm.fit" "lm" "summary" 
"lm.fit" "lm" "summary" 
"lm.fit" "lm" "summary" 
"lm.fit" "lm" "summary" 
"lm.fit" "lm" "summary" 
"paste" "FUN" "vapply" ".rs.asCaseInsensitiveRegex" ".rs.objectsOnSearchPath" ".rs.getCompletionsSearchPath" "Reduce" "<Anonymous>" "mode" "match" "%in%" "deparse" "paste" "FUN" "lapply" "sapply" ".getXlevels" "lm" "summary" 
".Call" ".rs.isRScriptInPackageBuildTarget" "<Anonymous>" "mode" "match" "%in%" "deparse" "paste" "FUN" "lapply" "sapply" ".getXlevels" "lm" "summary" 
"lapply" "sapply" ".getXlevels" "lm" "summary" 
"match" "%in%" ".deparseOpts" "deparse" "paste" "FUN" "lapply" "sapply" ".getXlevels" "lm" "summary" 
"c" "match" "%in%" "deparse" "paste" "FUN" "lapply" "sapply" ".getXlevels" "lm" "summary" 
"lazyLoadDBfetch" "summary" 
"chol2inv" "summary.lm" "summary" 
"chol2inv" "summary.lm" "summary" 
"chol2inv" "summary.lm" "summary" 
"chol2inv" "summary.lm" "summary" 
"chol2inv" "summary.lm" "summary" 
"chol2inv" "summary.lm" "summary" 
"chol2inv" "summary.lm" "summary" 
"chol2inv" "summary.lm" "summary" 
"chol2inv" "summary.lm" "summary" 
"chol2inv" "summary.lm" "summary" 
"chol2inv" "summary.lm" "summary" 
"chol2inv" "summary.lm" "summary" 
"chol2inv" "summary.lm" "summary" 
"chol2inv" "summary.lm" "summary" 
"chol2inv" "summary.lm" "summary" 
"chol2inv" "summary.lm" "summary" 
"chol2inv" "summary.lm" "summary" 
"chol2inv" "summary.lm" "summary" 
"chol2inv" "summary.lm" "summary" 
"chol2inv" "summary.lm" "summary" 
"chol2inv" "summary.lm" "summary" 
"chol2inv" "summary.lm" "summary" 
"chol2inv" "summary.lm" "summary" 
"chol2inv" "summary.lm" "summary" 
"chol2inv" "summary.lm" "summary" 
"chol2inv" "summary.lm" "summary" 
"chol2inv" "summary.lm" "summary" 
"chol2inv" "summary.lm" "summary" 
"chol2inv" "summary.lm" "summary" 
"chol2inv" "summary.lm" "summary" 
"chol2inv" "summary.lm" "summary" 
"chol2inv" "summary.lm" "summary" 
"chol2inv" "summary.lm" "summary" 
"chol2inv" "summary.lm" "summary" 
"chol2inv" "summary.lm" "summary" 
"chol2inv" "summary.lm" "summary" 
"chol2inv" "summary.lm" "summary" 
"chol2inv" "summary.lm" "summary" 
"chol2inv" "summary.lm" "summary" 
"chol2inv" "summary.lm" "summary" 
"chol2inv" "summary.lm" "summary" 
"chol2inv" "summary.lm" "summary" 
"chol2inv" "summary.lm" "summary" 
"chol2inv" "summary.lm" "summary" 
"chol2inv" "summary.lm" "summary" 
"chol2inv" "summary.lm" "summary" 
"chol2inv" "summary.lm" "summary" 
"chol2inv" "summary.lm" "summary" 
"chol2inv" "summary.lm" "summary" 
"chol2inv" "summary.lm" "summary" 
"chol2inv" "summary.lm" "summary" 
"chol2inv" "summary.lm" "summary" 
"chol2inv" "summary.lm" "summary" 
"chol2inv" "summary.lm" "summary" 
"chol2inv" "summary.lm" "summary" 
"chol2inv" "summary.lm" "summary" 
"chol2inv" "summary.lm" "summary" 
"chol2inv" "summary.lm" "summary" 
"chol2inv" "summary.lm" "summary" 
"chol2inv" "summary.lm" "summary" 
"chol2inv" "summary.lm" "summary" 
"chol2inv" "summary.lm" "summary" 
"chol2inv" "summary.lm" "summary" 
"chol2inv" "summary.lm" "summary" 
"chol2inv" "summary.lm" "summary" 
"chol2inv" "summary.lm" "summary" 
"chol2inv" "summary.lm" "summary" 
"chol2inv" "summary.lm" "summary" 
"chol2inv" "summary.lm" "summary" 
"chol2inv" "summary.lm" "summary" 
"chol2inv" "summary.lm" "summary" 
"chol2inv" "summary.lm" "summary" 
"chol2inv" "summary.lm" "summary" 
"chol2inv" "summary.lm" "summary" 
"chol2inv" "summary.lm" "summary" 
"chol2inv" "summary.lm" "summary" 
"chol2inv" "summary.lm" "summary" 
"chol2inv" "summary.lm" "summary" 
"chol2inv" "summary.lm" "summary" 
"chol2inv" "summary.lm" "summary" 
"chol2inv" "summary.lm" "summary" 
"chol2inv" "summary.lm" "summary" 
"chol2inv" "summary.lm" "summary" 
"chol2inv" "summary.lm" "summary" 
"chol2inv" "summary.lm" "summary" 
"chol2inv" "summary.lm" "summary" 
"chol2inv" "summary.lm" "summary" 
"chol2inv" "summary.lm" "summary" 
"chol2inv" "summary.lm" "summary" 
"chol2inv" "summary.lm" "summary" 
"chol2inv" "summary.lm" "summary" 
"chol2inv" "summary.lm" "summary" 
"chol2inv" "summary.lm" "summary" 
"chol2inv" "summary.lm" "summary" 
"chol2inv" "summary.lm" "summary" 
"chol2inv" "summary.lm" "summary" 
"chol2inv" "summary.lm" "summary" 
"chol2inv" "summary.lm" "summary" 
"chol2inv" "summary.lm" "summary" 
"chol2inv" "summary.lm" "summary" 
"chol2inv" "summary.lm" "summary" 
"chol2inv" "summary.lm" "summary" 
"chol2inv" "summary.lm" "summary" 
"chol2inv" "summary.lm" "summary" 
"chol2inv" "summary.lm" "summary" 
"chol2inv" "summary.lm" "summary" 
"chol2inv" "summary.lm" "summary" 
"chol2inv" "summary.lm" "summary" 
"chol2inv" "summary.lm" "summary" 
"chol2inv" "summary.lm" "summary" 
"chol2inv" "summary.lm" "summary" 
"chol2inv" "summary.lm" "summary" 
"chol2inv" "summary.lm" "summary" 
"chol2inv" "summary.lm" "summary" 
"chol2inv" "summary.lm" "summary" 
"chol2inv" "summary.lm" "summary" 
"chol2inv" "summary.lm" "summary" 
"chol2inv" "summary.lm" "summary" 
"chol2inv" "summary.lm" "summary" 
"chol2inv" "summary.lm" "summary" 
"chol2inv" "summary.lm" "summary" 
"chol2inv" "summary.lm" "summary" 
"chol2inv" "summary.lm" "summary" 
"chol2inv" "summary.lm" "summary" 
"chol2inv" "summary.lm" "summary" 
"chol2inv" "summary.lm" "summary" 
"chol2inv" "summary.lm" "summary" 
"chol2inv" "summary.lm" "summary" 
"chol2inv" "summary.lm" "summary" 
"chol2inv" "summary.lm" "summary" 
"chol2inv" "summary.lm" "summary" 
"chol2inv" "summary.lm" "summary" 
"chol2inv" "summary.lm" "summary" 
"chol2inv" "summary.lm" "summary" 
"chol2inv" "summary.lm" "summary" 
"chol2inv" "summary.lm" "summary" 
"chol2inv" "summary.lm" "summary" 
"chol2inv" "summary.lm" "summary" 
"chol2inv" "summary.lm" "summary" 
"chol2inv" "summary.lm" "summary" 
"chol2inv" "summary.lm" "summary" 
"chol2inv" "summary.lm" "summary" 
"chol2inv" "summary.lm" "summary" 
"chol2inv" "summary.lm" "summary" 
"chol2inv" "summary.lm" "summary" 
"chol2inv" "summary.lm" "summary" 
"chol2inv" "summary.lm" "summary" 
"chol2inv" "summary.lm" "summary" 
"chol2inv" "summary.lm" "summary" 
"chol2inv" "summary.lm" "summary" 
"chol2inv" "summary.lm" "summary" 
"chol2inv" "summary.lm" "summary" 
"chol2inv" "summary.lm" "summary" 
"chol2inv" "summary.lm" "summary" 
"chol2inv" "summary.lm" "summary" 
"chol2inv" "summary.lm" "summary" 
"chol2inv" "summary.lm" "summary" 
"chol2inv" "summary.lm" "summary" 
"chol2inv" "summary.lm" "summary" 
"chol2inv" "summary.lm" "summary" 
"chol2inv" "summary.lm" "summary" 
"chol2inv" "summary.lm" "summary" 
"chol2inv" "summary.lm" "summary" 
"chol2inv" "summary.lm" "summary" 
"chol2inv" "summary.lm" "summary" 
"chol2inv" "summary.lm" "summary" 
"chol2inv" "summary.lm" "summary" 
"chol2inv" "summary.lm" "summary" 
"chol2inv" "summary.lm" "summary" 
"chol2inv" "summary.lm" "summary" 
"chol2inv" "summary.lm" "summary" 
"chol2inv" "summary.lm" "summary" 
"chol2inv" "summary.lm" "summary" 
"chol2inv" "summary.lm" "summary" 
"chol2inv" "summary.lm" "summary" 
"chol2inv" "summary.lm" "summary" 
"chol2inv" "summary.lm" "summary" 
"chol2inv" "summary.lm" "summary" 
"chol2inv" "summary.lm" "summary" 
"chol2inv" "summary.lm" "summary" 
"chol2inv" "summary.lm" "summary" 
"chol2inv" "summary.lm" "summary" 
"chol2inv" "summary.lm" "summary" 
"summary.lm" "summary" 
"summary.lm" "summary" 
